dachopstechfcmsinputgeneratord-9ef1b820466c42fb849fe31953e5c0bb
*** Reading remote log from s3://airflow-dags-logs/airflow-community-live/dag_id=dach-opstech-fcms-input-generator/run_id=manual__2022-11-18T17:10:56.223180+00:00/task_id=dach-opstech-fcms-input-generator-d0/attempt=4.log.
[2022-11-18 17:28:25,312] {taskinstance.py:1159} INFO - Dependencies all met for <TaskInstance: dach-opstech-fcms-input-generator.dach-opstech-fcms-input-generator-d0 manual__2022-11-18T17:10:56.223180+00:00 [queued]>
[2022-11-18 17:28:25,322] {taskinstance.py:1159} INFO - Dependencies all met for <TaskInstance: dach-opstech-fcms-input-generator.dach-opstech-fcms-input-generator-d0 manual__2022-11-18T17:10:56.223180+00:00 [queued]>
[2022-11-18 17:28:25,322] {taskinstance.py:1356} INFO - 
--------------------------------------------------------------------------------
[2022-11-18 17:28:25,322] {taskinstance.py:1357} INFO - Starting attempt 4 of 4
[2022-11-18 17:28:25,322] {taskinstance.py:1358} INFO - 
--------------------------------------------------------------------------------
[2022-11-18 17:28:25,338] {taskinstance.py:1377} INFO - Executing <Task(KubernetesPodOperator): dach-opstech-fcms-input-generator-d0> on 2022-11-18 17:10:56.223180+00:00
[2022-11-18 17:28:25,340] {standard_task_runner.py:52} INFO - Started process 9 to run task
[2022-11-18 17:28:25,343] {standard_task_runner.py:79} INFO - Running: ['airflow', 'tasks', 'run', 'dach-opstech-fcms-input-generator', 'dach-opstech-fcms-input-generator-d0', 'manual__2022-11-18T17:10:56.223180+00:00', '--job-id', '1698525', '--raw', '--subdir', 'DAGS_FOLDER/dach/dach-opstech-fcms-input-generator/splitsheet.py', '--cfg-path', '/tmp/tmpadx1inyj', '--error-file', '/tmp/tmpzx_5b6z_']
[2022-11-18 17:28:25,344] {standard_task_runner.py:80} INFO - Job 1698525: Subtask dach-opstech-fcms-input-generator-d0
[2022-11-18 17:28:25,435] {task_command.py:370} INFO - Running <TaskInstance: dach-opstech-fcms-input-generator.dach-opstech-fcms-input-generator-d0 manual__2022-11-18T17:10:56.223180+00:00 [running]> on host dachopstechfcmsinputgeneratord-9ef1b820466c42fb849fe31953e5c0bb
[2022-11-18 17:28:26,054] {taskinstance.py:1569} INFO - Exporting the following env vars:
AIRFLOW_CTX_DAG_OWNER=OpsTech DACH
AIRFLOW_CTX_DAG_ID=dach-opstech-fcms-input-generator
AIRFLOW_CTX_TASK_ID=dach-opstech-fcms-input-generator-d0
AIRFLOW_CTX_EXECUTION_DATE=2022-11-18T17:10:56.223180+00:00
AIRFLOW_CTX_TRY_NUMBER=4
AIRFLOW_CTX_DAG_RUN_ID=manual__2022-11-18T17:10:56.223180+00:00
[2022-11-18 17:28:26,060] {kubernetes_pod.py:541} INFO - Creating pod dach-opstech-fcms-input-genera-3e37ee16811949b2a38729adea1ebc90 with labels: {'dag_id': 'dach-opstech-fcms-input-generator', 'task_id': 'dach-opstech-fcms-input-generator-d0', 'run_id': 'manual__2022-11-18T171056.2231800000-157a28ed3', 'kubernetes_pod_operator': 'True', 'try_number': '4'}
[2022-11-18 17:28:26,194] {pod_manager.py:178} WARNING - Pod not yet started: dach-opstech-fcms-input-genera-3e37ee16811949b2a38729adea1ebc90
[2022-11-18 17:28:27,205] {pod_manager.py:178} WARNING - Pod not yet started: dach-opstech-fcms-input-genera-3e37ee16811949b2a38729adea1ebc90
[2022-11-18 17:28:28,225] {pod_manager.py:226} INFO - 2022-11-18 17:28:27,404 — FCMS-INPUT-GENERATOR — INFO — Running for cutoff date: 2022-11-18
[2022-11-18 17:28:28,226] {pod_manager.py:226} INFO - 2022-11-18 17:28:27,404 — FCMS-INPUT-GENERATOR — INFO — Cutoff number and output path - completed
[2022-11-18 17:28:28,226] {pod_manager.py:226} INFO - 2022-11-18 17:28:27,404 — FCMS-INPUT-GENERATOR — INFO — Running for cutoff: 3
[2022-11-18 17:28:28,226] {pod_manager.py:226} INFO - 2022-11-18 17:28:27,405 — FCMS-INPUT-GENERATOR — INFO — Starting to download all required data
[2022-11-18 17:28:28,226] {pod_manager.py:226} INFO - 2022-11-18 17:28:27,877 — FCMS-INPUT-GENERATOR — INFO — Connected to DWH
[2022-11-18 17:28:28,226] {pod_manager.py:226} INFO - 2022-11-18 17:28:27,878 — FCMS-INPUT-GENERATOR — INFO — Running for hf_week = 2022-W47
[2022-11-18 17:28:28,226] {pod_manager.py:226} INFO - 2022-11-18 17:28:27,879 — FCMS-INPUT-GENERATOR — INFO — HF Week and upcoming calculated
[2022-11-18 17:28:29,661] {pod_manager.py:226} INFO - 2022-11-18 17:28:29,660 — FCMS-INPUT-GENERATOR — INFO — Current demand - completed
[2022-11-18 17:28:29,661] {pod_manager.py:226} INFO - 2022-11-18 17:28:29,661 — FCMS-INPUT-GENERATOR — INFO — Querying OR data from DWH
[2022-11-18 17:28:36,763] {pod_manager.py:226} INFO - 2022-11-18 17:28:36,762 — FCMS-INPUT-GENERATOR — INFO — Querying the PPDL from DWH - done
[2022-11-18 17:28:36,763] {pod_manager.py:226} INFO - 2022-11-18 17:28:36,763 — FCMS-INPUT-GENERATOR — INFO — Calculating packaging distribution from OR data
[2022-11-18 17:28:38,828] {pod_manager.py:226} INFO - 2022-11-18 17:28:38,828 — FCMS-INPUT-GENERATOR — INFO — Calculating packaging distribution from OR data - Done
[2022-11-18 17:28:38,831] {pod_manager.py:226} INFO - 2022-11-18 17:28:38,830 — FCMS-INPUT-GENERATOR — INFO — Packaging demand - completed
[2022-11-18 17:28:39,766] {pod_manager.py:226} INFO - 2022-11-18 17:28:39,765 — FCMS-INPUT-GENERATOR — INFO — Forecast demand for prestaging - completed
[2022-11-18 17:28:40,116] {pod_manager.py:226} INFO - 2022-11-18 17:28:40,116 — FCMS-INPUT-GENERATOR — INFO — Picklist - completed
[2022-11-18 17:28:40,117] {pod_manager.py:226} INFO - 2022-11-18 17:28:40,116 — FCMS-INPUT-GENERATOR — INFO — Data Collection - completed
[2022-11-18 17:28:40,117] {pod_manager.py:226} INFO - 2022-11-18 17:28:40,116 — FCMS-INPUT-GENERATOR — INFO — Connecting to Google account...
[2022-11-18 17:28:40,117] {pod_manager.py:226} INFO - 2022-11-18 17:28:40,116 — FCMS-INPUT-GENERATOR — INFO — Initializing new drive instance...
[2022-11-18 17:28:40,119] {pod_manager.py:226} INFO - 2022-11-18 17:28:40,119 — FCMS-INPUT-GENERATOR — INFO — Done
[2022-11-18 17:28:40,119] {pod_manager.py:226} INFO - 2022-11-18 17:28:40,119 — FCMS-INPUT-GENERATOR — INFO — Creating folder 2022-W47
[2022-11-18 17:28:40,620] {pod_manager.py:226} INFO - 2022-11-18 17:28:40,619 — FCMS-INPUT-GENERATOR — WARNING — Folder already exists in the parent directory. Returning ID.
[2022-11-18 17:28:41,330] {pod_manager.py:226} INFO - Traceback (most recent call last):
[2022-11-18 17:28:41,330] {pod_manager.py:226} INFO -   File "/usr/local/lib/python3.9/dist-packages/gspread/client.py", line 119, in open
[2022-11-18 17:28:41,330] {pod_manager.py:226} INFO -     properties = finditem(
[2022-11-18 17:28:41,330] {pod_manager.py:226} INFO -   File "/usr/local/lib/python3.9/dist-packages/gspread/utils.py", line 97, in finditem
[2022-11-18 17:28:41,330] {pod_manager.py:226} INFO -     return next((item for item in seq if func(item)))
[2022-11-18 17:28:41,330] {pod_manager.py:226} INFO - StopIteration
[2022-11-18 17:28:41,330] {pod_manager.py:226} INFO - 
[2022-11-18 17:28:41,330] {pod_manager.py:226} INFO - During handling of the above exception, another exception occurred:
[2022-11-18 17:28:41,330] {pod_manager.py:226} INFO - 
[2022-11-18 17:28:41,330] {pod_manager.py:226} INFO - Traceback (most recent call last):
[2022-11-18 17:28:41,330] {pod_manager.py:226} INFO -   File "/app/main.py", line 489, in <module>
[2022-11-18 17:28:41,330] {pod_manager.py:226} INFO -     run()
[2022-11-18 17:28:41,330] {pod_manager.py:226} INFO -   File "/app/main.py", line 446, in run
[2022-11-18 17:28:41,331] {pod_manager.py:226} INFO -     all_sm_slots, units_per_pallets = get_supermarket_config(config_settings)
[2022-11-18 17:28:41,331] {pod_manager.py:226} INFO -   File "/app/main.py", line 106, in get_supermarket_config
[2022-11-18 17:28:41,331] {pod_manager.py:226} INFO -     all_sm_slots = get_sm_slots(config_gsheet, config_settings["GSHEET_NAME_LAYOUT"])
[2022-11-18 17:28:41,331] {pod_manager.py:226} INFO -   File "/app/get_data/get_supermarket_data.py", line 17, in get_sm_slots
[2022-11-18 17:28:41,331] {pod_manager.py:226} INFO -     wks = gc.open(sheet_name).sheet1
[2022-11-18 17:28:41,331] {pod_manager.py:226} INFO -   File "/usr/local/lib/python3.9/dist-packages/gspread/client.py", line 129, in open
[2022-11-18 17:28:41,331] {pod_manager.py:226} INFO -     raise SpreadsheetNotFound
[2022-11-18 17:28:41,331] {pod_manager.py:226} INFO - gspread.exceptions.SpreadsheetNotFound
[2022-11-18 17:28:42,350] {pod_manager.py:273} INFO - Pod dach-opstech-fcms-input-genera-3e37ee16811949b2a38729adea1ebc90 has phase Running
[2022-11-18 17:28:44,363] {kubernetes_pod.py:434} INFO - Deleting pod: dach-opstech-fcms-input-genera-3e37ee16811949b2a38729adea1ebc90
[2022-11-18 17:28:44,423] {taskinstance.py:1889} ERROR - Task failed with exception
Traceback (most recent call last):
  File "/usr/local/airflow/.local/lib/python3.10/site-packages/airflow/providers/cncf/kubernetes/operators/kubernetes_pod.py", line 401, in execute
    self.cleanup(
  File "/usr/local/airflow/.local/lib/python3.10/site-packages/airflow/providers/cncf/kubernetes/operators/kubernetes_pod.py", line 425, in cleanup
    raise AirflowException(
airflow.exceptions.AirflowException: Pod dach-opstech-fcms-input-genera-3e37ee16811949b2a38729adea1ebc90 returned a failure:
{'api_version': 'v1',
 'kind': 'Pod',
 'metadata': {'annotations': {'kubernetes.io/psp': 'eks.privileged'},
              'cluster_name': None,
              'creation_timestamp': datetime.datetime(2022, 11, 18, 17, 28, 26, tzinfo=tzlocal()),
              'deletion_grace_period_seconds': None,
              'deletion_timestamp': None,
              'finalizers': None,
              'generate_name': None,
              'generation': None,
              'labels': {'airflow_version': '2.3.2',
                         'app': 'airflow-community',
                         'component': 'operator',
                         'dag_id': 'dach-opstech-fcms-input-generator',
                         'kubernetes_pod_operator': 'True',
                         'run_id': 'manual__2022-11-18T171056.2231800000-157a28ed3',
                         'squad': 'dach-data-automation',
                         'task_id': 'dach-opstech-fcms-input-generator-d0',
                         'tribe': 'international',
                         'try_number': '4'},
              'managed_fields': [{'api_version': 'v1',
                                  'fields_type': 'FieldsV1',
                                  'fields_v1': {'f:metadata': {'f:labels': {'.': {},
                                                                            'f:airflow_version': {},
                                                                            'f:app': {},
                                                                            'f:component': {},
                                                                            'f:dag_id': {},
                                                                            'f:kubernetes_pod_operator': {},
                                                                            'f:run_id': {},
                                                                            'f:squad': {},
                                                                            'f:task_id': {},
                                                                            'f:tribe': {},
                                                                            'f:try_number': {}}},
                                                'f:spec': {'f:affinity': {},
                                                           'f:containers': {'k:{"name":"base"}': {'.': {},
                                                                                                  'f:args': {},
                                                                                                  'f:env': {'.': {},
                                                                                                            'k:{"name":"CDP_DRIVER_PATH"}': {'.': {},
                                                                                                                                             'f:name': {},
                                                                                                                                             'f:value': {}},
                                                                                                            'k:{"name":"DWH_PASSWORD_CDP"}': {'.': {},
                                                                                                                                              'f:name': {},
                                                                                                                                              'f:value': {}},
                                                                                                            'k:{"name":"DWH_USER_CDP"}': {'.': {},
                                                                                                                                          'f:name': {},
                                                                                                                                          'f:value': {}},
                                                                                                            'k:{"name":"GDRIVE_AUTH_PROVIDER_X509_CERT_URL"}': {'.': {},
                                                                                                                                                                'f:name': {},
                                                                                                                                                                'f:value': {}},
                                                                                                            'k:{"name":"GDRIVE_AUTH_URI"}': {'.': {},
                                                                                                                                             'f:name': {},
                                                                                                                                             'f:value': {}},
                                                                                                            'k:{"name":"GDRIVE_CLIENT_EMAIL"}': {'.': {},
                                                                                                                                                 'f:name': {},
                                                                                                                                                 'f:value': {}},
                                                                                                            'k:{"name":"GDRIVE_CLIENT_ID"}': {'.': {},
                                                                                                                                              'f:name': {},
                                                                                                                                              'f:value': {}},
                                                                                                            'k:{"name":"GDRIVE_CLIENT_X509_CERT_URL"}': {'.': {},
                                                                                                                                                         'f:name': {},
                                                                                                                                                         'f:value': {}},
                                                                                                            'k:{"name":"GDRIVE_FOLDER"}': {'.': {},
                                                                                                                                           'f:name': {},
                                                                                                                                           'f:value': {}},
                                                                                                            'k:{"name":"GDRIVE_PRIVATE_KEY"}': {'.': {},
                                                                                                                                                'f:name': {},
                                                                                                                                                'f:value': {}},
                                                                                                            'k:{"name":"GDRIVE_PRIVATE_KEY_ID"}': {'.': {},
                                                                                                                                                   'f:name': {},
                                                                                                                                                   'f:value': {}},
                                                                                                            'k:{"name":"GDRIVE_PROJECT_ID"}': {'.': {},
                                                                                                                                               'f:name': {},
                                                                                                                                               'f:value': {}},
                                                                                                            'k:{"name":"GDRIVE_TOKEN_URI"}': {'.': {},
                                                                                                                                              'f:name': {},
                                                                                                                                              'f:value': {}},
                                                                                                            'k:{"name":"GSHEET_NAME_CONV"}': {'.': {},
                                                                                                                                              'f:name': {},
                                                                                                                                              'f:value': {}},
                                                                                                            'k:{"name":"GSHEET_NAME_LAYOUT"}': {'.': {},
                                                                                                                                                'f:name': {},
                                                                                                                                                'f:value': {}},
                                                                                                            'k:{"name":"GSHEET_NAME_SKU_AMBIENT"}': {'.': {},
                                                                                                                                                     'f:name': {},
                                                                                                                                                     'f:value': {}},
                                                                                                            'k:{"name":"GSHEET_NAME_SKU_MOPRO"}': {'.': {},
                                                                                                                                                   'f:name': {},
                                                                                                                                                   'f:value': {}},
                                                                                                            'k:{"name":"G_API_SCOPE"}': {'.': {},
                                                                                                                                         'f:name': {},
                                                                                                                                         'f:value': {}}},
                                                                                                  'f:image': {},
                                                                                                  'f:imagePullPolicy': {},
                                                                                                  'f:name': {},
                                                                                                  'f:resources': {},
                                                                                                  'f:terminationMessagePath': {},
                                                                                                  'f:terminationMessagePolicy': {}}},
                                                           'f:dnsPolicy': {},
                                                           'f:enableServiceLinks': {},
                                                           'f:restartPolicy': {},
                                                           'f:schedulerName': {},
                                                           'f:securityContext': {},
                                                           'f:terminationGracePeriodSeconds': {}}},
                                  'manager': 'OpenAPI-Generator',
                                  'operation': 'Update',
                                  'subresource': None,
                                  'time': datetime.datetime(2022, 11, 18, 17, 28, 26, tzinfo=tzlocal())},
                                 {'api_version': 'v1',
                                  'fields_type': 'FieldsV1',
                                  'fields_v1': {'f:status': {'f:conditions': {'k:{"type":"ContainersReady"}': {'.': {},
                                                                                                               'f:lastProbeTime': {},
                                                                                                               'f:lastTransitionTime': {},
                                                                                                               'f:message': {},
                                                                                                               'f:reason': {},
                                                                                                               'f:status': {},
                                                                                                               'f:type': {}},
                                                                              'k:{"type":"Initialized"}': {'.': {},
                                                                                                           'f:lastProbeTime': {},
                                                                                                           'f:lastTransitionTime': {},
                                                                                                           'f:status': {},
                                                                                                           'f:type': {}},
                                                                              'k:{"type":"Ready"}': {'.': {},
                                                                                                     'f:lastProbeTime': {},
                                                                                                     'f:lastTransitionTime': {},
                                                                                                     'f:message': {},
                                                                                                     'f:reason': {},
                                                                                                     'f:status': {},
                                                                                                     'f:type': {}}},
                                                             'f:containerStatuses': {},
                                                             'f:hostIP': {},
                                                             'f:phase': {},
                                                             'f:podIP': {},
                                                             'f:podIPs': {'.': {},
                                                                          'k:{"ip":"10.215.25.55"}': {'.': {},
                                                                                                      'f:ip': {}}},
                                                             'f:startTime': {}}},
                                  'manager': 'kubelet',
                                  'operation': 'Update',
                                  'subresource': 'status',
                                  'time': datetime.datetime(2022, 11, 18, 17, 28, 42, tzinfo=tzlocal())}],
              'name': 'dach-opstech-fcms-input-genera-3e37ee16811949b2a38729adea1ebc90',
              'namespace': 'data-platform',
              'owner_references': None,
              'resource_version': '1349376628',
              'self_link': None,
              'uid': '091eef55-9c8e-49be-b67f-cbdd4cd2d03b'},
 'spec': {'active_deadline_seconds': None,
          'affinity': {'node_affinity': {'preferred_during_scheduling_ignored_during_execution': None,
                                         'required_during_scheduling_ignored_during_execution': {'node_selector_terms': [{'match_expressions': [{'key': 'eks.amazonaws.com/capacityType',
                                                                                                                                                 'operator': 'In',
                                                                                                                                                 'values': ['SPOT']},
                                                                                                                                                {'key': 'hellofresh.io/role',
                                                                                                                                                 'operator': 'In',
                                                                                                                                                 'values': ['worker']}],
                                                                                                                          'match_fields': None}]}},
                       'pod_affinity': None,
                       'pod_anti_affinity': None},
          'automount_service_account_token': None,
          'containers': [{'args': ['main.py', '--date', ' '],
                          'command': None,
                          'env': [{'name': 'DWH_USER_CDP',
                                   'value': 'srv_dpe_dach_syncer',
                                   'value_from': None},
                                  {'name': 'DWH_PASSWORD_CDP',
                                   'value': 'pm!#]r*Xp5hbMtfH',
                                   'value_from': None},
                                  {'name': 'CDP_DRIVER_PATH',
                                   'value': './bin/ImpalaJDBC42.jar',
                                   'value_from': None},
                                  {'name': 'GSHEET_NAME_SKU_AMBIENT',
                                   'value': ' ambient_skus_to_exclude',
                                   'value_from': None},
                                  {'name': 'GSHEET_NAME_SKU_MOPRO',
                                   'value': ' skus_mopro',
                                   'value_from': None},
                                  {'name': 'G_API_SCOPE',
                                   'value': 'https://spreadsheets.google.com/feeds,https://www.googleapis.com/auth/drive',
                                   'value_from': None},
                                  {'name': 'GSHEET_NAME_CONV',
                                   'value': ' units_per_pallet',
                                   'value_from': None},
                                  {'name': 'GSHEET_NAME_LAYOUT',
                                   'value': ' sm_slots_live',
                                   'value_from': None},
                                  {'name': 'GDRIVE_FOLDER',
                                   'value': '1q6TsHCYE2SEdXwIukL3wG6Lzbe6Dig9q',
                                   'value_from': None},
                                  {'name': 'GDRIVE_PROJECT_ID',
                                   'value': 'hf-dach-order-enrichment',
                                   'value_from': None},
                                  {'name': 'GDRIVE_PRIVATE_KEY_ID',
                                   'value': '3237caf26eeb27f4857f8556683f2266b88bad4b',
                                   'value_from': None},
                                  {'name': 'GDRIVE_CLIENT_EMAIL',
                                   'value': 'splitsheet-generator@hf-dach-order-enrichment.iam.gserviceaccount.com',
                                   'value_from': None},
                                  {'name': 'GDRIVE_CLIENT_ID',
                                   'value': '113375722418962355831',
                                   'value_from': None},
                                  {'name': 'GDRIVE_AUTH_URI',
                                   'value': 'https://accounts.google.com/o/oauth2/auth',
                                   'value_from': None},
                                  {'name': 'GDRIVE_TOKEN_URI',
                                   'value': 'https://oauth2.googleapis.com/token',
                                   'value_from': None},
                                  {'name': 'GDRIVE_AUTH_PROVIDER_X509_CERT_URL',
                                   'value': 'https://www.googleapis.com/oauth2/v1/certs',
                                   'value_from': None},
                                  {'name': 'GDRIVE_CLIENT_X509_CERT_URL',
                                   'value': 'https://www.googleapis.com/robot/v1/metadata/x509/upload-drive-prod-input%40uploadproductioninputs.iam.gserviceaccount.com',
                                   'value_from': None},
                                  {'name': 'GDRIVE_PRIVATE_KEY',
                                   'value': '-----BEGIN PRIVATE KEY-----\n'
                                            'MIIEvgIBADANBgkqhkiG9w0BAQEFAASCBKgwggSkAgEAAoIBAQCdAFWW94RAc5c/\\nQtNuYVrwdLA0bpB14FRuqiEZ7gwLgX/8GIU9zLAzJmmgcZQNaaOt+oVxBRwcP23X\\nNZFvftm2o8YlvsrrzlqX0DEV5uu1iLdQwm4L41tXOdWQyPJ3bC0+rFc/aw1C8R5j\\nhOCd/wK99WrTMK6BzWTzdpE7id6mYyyOpZo8ocfalTbOmTNa3WJyoGQmbvYIdfQH\\nJ6327hb8L8E1ZQ77QcwAkegdKP0bFr3NeWUZYCzYtAXm9jGA4hIHvTfm6b9mif47\\n6e4y6nHUfB+QEmUlWHs+Ps1KsNpG/oletkWZSIlwV6nlo+qhwlx4vhsb/VkOekaZ\\nPZ1h1WuXAgMBAAECggEAAO2nUhPNVpdPPTV2uAOYcOPxko3LjZ8bo3E/voO04Y4F\\neQ43msnM2qHx0/IKRFP6o2p18q0a29Fi8HQr+gGu1spI8pljcAHonP72SuIIWphp\\nIIHzEDsad+A5pA4RJyH2lsDwPNhcM74hMC9XnMgCAcV7S4IL7Pd5WCq8QSoSE2Oq\\neK5WFUomfHp7RZjse3CSlJfFZJpFGwu32DEtB5diXp77bMEdwxIJLlXOhe3yvPQt\\npb8Wz30WGAZS2wLk42nZINg4eYaPlebdEZ/aF8Pn+z0ln9L+3c4B3tF1bI552FYZ\\nfzrW4ZhOxyb/i+pyhgdweoNtQn3M5CcKjS2UsUAOKQKBgQDWLsoQ7yGy5wj7Jo0q\\nPie6aecRBbY4A/uIMPwLu0WYrZQRvgk19xKp9gRye0RcoW/Ds1YjCsGVD8a3TZp+\\nPt8TbnJ/hqrXi3LyZh/d6kbPquCrkT/c0RY5nYwQyYJbQ2w6polEJxzsyYjGhFFI\\n8ViBYoQzcnpzt1KJfIKaLDQOSwKBgQC7p4U574TfhDUQXKnj6j1fUCjdoVTNwhkx\\nl2Xi2DJ+mwbTon0ywZ0juKmeujahnaUu2bjQMx2+5VJ2DYJ/bo+Ey2aTgta36PMS\\nO3H0JhlMBCGcnUONVK6WGEeX7xSi8ZBNulnHa7jyMMydURgrQWDRsxA/OFq92PvJ\\nMsO0f+ZYZQKBgGKCzL+zLR2687+IQL9gLSepU/TZWrEy67r9RMAkl2Mc2xC6BkSC\\n6luv4uXA2nV8bwpk7sZZSSZFRlHC6L8OLc4jK5iKGQPgiLMC079e5MjZQFLJEMWA\\niadgVi7WcBWH0jy7okDteHlUTIt6CmTxVJLV/BYpnjag596CnRNKJ3s3AoGBAJfr\\nglcqCxdtkAwkCMJkg7UjT0JGd0Jw7jaQzEJ/JzoKRdeWR+eMiaw+tsuzE8F5wB4S\\n06VyjJVcUIsUWt7R4kzu4qdvmGehpw/Oom23XmmFOrTxOJw1v3XySBu/yaQ1Ds9u\\nm3pwQnWIfk6qNXfnYPvEDNYxyHzEKutzNq9tkE1lAoGBAK6vT7aLIk6eTxU9muaO\\nKS7YIL4w+lxXmRwD0pXFdVj4j+Qd7Ce398a5M1Xu7kYK/Z7sUMEZZLJsK6qzX0JX\\ndj27SPIN47HXa8mQm/GaH1fYvyqNy0X/DqQ0D3AbishL1utXLtRzHhJqYlvopRPa\\nUAkTHLJVuveXzPIXW25koxnh\n'
                                            '-----END PRIVATE KEY-----',
                                   'value_from': None}],
                          'env_from': None,
                          'image': '489198589229.dkr.ecr.eu-west-1.amazonaws.com/dach-opstech-fcms-input-generator:latest',
                          'image_pull_policy': 'Always',
                          'lifecycle': None,
                          'liveness_probe': None,
                          'name': 'base',
                          'ports': None,
                          'readiness_probe': None,
                          'resources': {'limits': {'memory': '16Gi'},
                                        'requests': {'memory': '256Mi'}},
                          'security_context': None,
                          'startup_probe': None,
                          'stdin': None,
                          'stdin_once': None,
                          'termination_message_path': '/dev/termination-log',
                          'termination_message_policy': 'File',
                          'tty': None,
                          'volume_devices': None,
                          'volume_mounts': [{'mount_path': '/var/run/secrets/kubernetes.io/serviceaccount',
                                             'mount_propagation': None,
                                             'name': 'kube-api-access-h78zw',
                                             'read_only': True,
                                             'sub_path': None,
                                             'sub_path_expr': None}],
                          'working_dir': None}],
          'dns_config': None,
          'dns_policy': 'ClusterFirst',
          'enable_service_links': True,
          'ephemeral_containers': None,
          'host_aliases': None,
          'host_ipc': None,
          'host_network': None,
          'host_pid': None,
          'hostname': None,
          'image_pull_secrets': None,
          'init_containers': None,
          'node_name': 'ip-10-215-26-161.eu-west-1.compute.internal',
          'node_selector': None,
          'os': None,
          'overhead': None,
          'preemption_policy': 'PreemptLowerPriority',
          'priority': 0,
          'priority_class_name': None,
          'readiness_gates': None,
          'restart_policy': 'Never',
          'runtime_class_name': None,
          'scheduler_name': 'default-scheduler',
          'security_context': {'fs_group': None,
                               'fs_group_change_policy': None,
                               'run_as_group': None,
                               'run_as_non_root': None,
                               'run_as_user': None,
                               'se_linux_options': None,
                               'seccomp_profile': None,
                               'supplemental_groups': None,
                               'sysctls': None,
                               'windows_options': None},
          'service_account': 'default',
          'service_account_name': 'default',
          'set_hostname_as_fqdn': None,
          'share_process_namespace': None,
          'subdomain': None,
          'termination_grace_period_seconds': 30,
          'tolerations': [{'effect': 'NoExecute',
                           'key': 'node.kubernetes.io/not-ready',
                           'operator': 'Exists',
                           'toleration_seconds': 300,
                           'value': None},
                          {'effect': 'NoExecute',
                           'key': 'node.kubernetes.io/unreachable',
                           'operator': 'Exists',
                           'toleration_seconds': 300,
                           'value': None},
                          {'effect': 'NoSchedule',
                           'key': 'spotInstance',
                           'operator': 'Exists',
                           'toleration_seconds': None,
                           'value': None}],
          'topology_spread_constraints': None,
          'volumes': [{'aws_elastic_block_store': None,
                       'azure_disk': None,
                       'azure_file': None,
                       'cephfs': None,
                       'cinder': None,
                       'config_map': None,
                       'csi': None,
                       'downward_api': None,
                       'empty_dir': None,
                       'ephemeral': None,
                       'fc': None,
                       'flex_volume': None,
                       'flocker': None,
                       'gce_persistent_disk': None,
                       'git_repo': None,
                       'glusterfs': None,
                       'host_path': None,
                       'iscsi': None,
                       'name': 'kube-api-access-h78zw',
                       'nfs': None,
                       'persistent_volume_claim': None,
                       'photon_persistent_disk': None,
                       'portworx_volume': None,
                       'projected': {'default_mode': 420,
                                     'sources': [{'config_map': None,
                                                  'downward_api': None,
                                                  'secret': None,
                                                  'service_account_token': {'audience': None,
                                                                            'expiration_seconds': 3607,
                                                                            'path': 'token'}},
                                                 {'config_map': {'items': [{'key': 'ca.crt',
                                                                            'mode': None,
                                                                            'path': 'ca.crt'}],
                                                                 'name': 'kube-root-ca.crt',
                                                                 'optional': None},
                                                  'downward_api': None,
                                                  'secret': None,
                                                  'service_account_token': None},
                                                 {'config_map': None,
                                                  'downward_api': {'items': [{'field_ref': {'api_version': 'v1',
                                                                                            'field_path': 'metadata.namespace'},
                                                                              'mode': None,
                                                                              'path': 'namespace',
                                                                              'resource_field_ref': None}]},
                                                  'secret': None,
                                                  'service_account_token': None}]},
                       'quobyte': None,
                       'rbd': None,
                       'scale_io': None,
                       'secret': None,
                       'storageos': None,
                       'vsphere_volume': None}]},
 'status': {'conditions': [{'last_probe_time': None,
                            'last_transition_time': datetime.datetime(2022, 11, 18, 17, 28, 26, tzinfo=tzlocal()),
                            'message': None,
                            'reason': None,
                            'status': 'True',
                            'type': 'Initialized'},
                           {'last_probe_time': None,
                            'last_transition_time': datetime.datetime(2022, 11, 18, 17, 28, 42, tzinfo=tzlocal()),
                            'message': 'containers with unready status: [base]',
                            'reason': 'ContainersNotReady',
                            'status': 'False',
                            'type': 'Ready'},
                           {'last_probe_time': None,
                            'last_transition_time': datetime.datetime(2022, 11, 18, 17, 28, 42, tzinfo=tzlocal()),
                            'message': 'containers with unready status: [base]',
                            'reason': 'ContainersNotReady',
                            'status': 'False',
                            'type': 'ContainersReady'},
                           {'last_probe_time': None,
                            'last_transition_time': datetime.datetime(2022, 11, 18, 17, 28, 26, tzinfo=tzlocal()),
                            'message': None,
                            'reason': None,
                            'status': 'True',
                            'type': 'PodScheduled'}],
            'container_statuses': [{'container_id': 'containerd://d4bc2f720b3d3e685acd1d76dffd1e81103fd932b3f4588c62763a8d5a47f459',
                                    'image': '489198589229.dkr.ecr.eu-west-1.amazonaws.com/dach-opstech-fcms-input-generator:latest',
                                    'image_id': '489198589229.dkr.ecr.eu-west-1.amazonaws.com/dach-opstech-fcms-input-generator@sha256:e8eb05e401e075d424350f4677a46d3cc694c1c8984a22b336da50e9e2a3732b',
                                    'last_state': {'running': None,
                                                   'terminated': None,
                                                   'waiting': None},
                                    'name': 'base',
                                    'ready': False,
                                    'restart_count': 0,
                                    'started': False,
                                    'state': {'running': None,
                                              'terminated': {'container_id': 'containerd://d4bc2f720b3d3e685acd1d76dffd1e81103fd932b3f4588c62763a8d5a47f459',
                                                             'exit_code': 1,
                                                             'finished_at': datetime.datetime(2022, 11, 18, 17, 28, 41, tzinfo=tzlocal()),
                                                             'message': None,
                                                             'reason': 'Error',
                                                             'signal': None,
                                                             'started_at': datetime.datetime(2022, 11, 18, 17, 28, 26, tzinfo=tzlocal())},
                                              'waiting': None}}],
            'ephemeral_container_statuses': None,
            'host_ip': '10.215.26.161',
            'init_container_statuses': None,
            'message': None,
            'nominated_node_name': None,
            'phase': 'Failed',
            'pod_i_ps': [{'ip': '10.215.25.55'}],
            'pod_ip': '10.215.25.55',
            'qos_class': 'Burstable',
            'reason': None,
            'start_time': datetime.datetime(2022, 11, 18, 17, 28, 26, tzinfo=tzlocal())}}
[2022-11-18 17:28:44,427] {taskinstance.py:1395} INFO - Marking task as FAILED. dag_id=dach-opstech-fcms-input-generator, task_id=dach-opstech-fcms-input-generator-d0, execution_date=20221118T171056, start_date=20221118T172825, end_date=20221118T172844
[2022-11-18 17:28:44,443] {standard_task_runner.py:92} ERROR - Failed to execute job 1698525 for task dach-opstech-fcms-input-generator-d0 (Pod dach-opstech-fcms-input-genera-3e37ee16811949b2a38729adea1ebc90 returned a failure:
{'api_version': 'v1',
 'kind': 'Pod',
 'metadata': {'annotations': {'kubernetes.io/psp': 'eks.privileged'},
              'cluster_name': None,
              'creation_timestamp': datetime.datetime(2022, 11, 18, 17, 28, 26, tzinfo=tzlocal()),
              'deletion_grace_period_seconds': None,
              'deletion_timestamp': None,
              'finalizers': None,
              'generate_name': None,
              'generation': None,
              'labels': {'airflow_version': '2.3.2',
                         'app': 'airflow-community',
                         'component': 'operator',
                         'dag_id': 'dach-opstech-fcms-input-generator',
                         'kubernetes_pod_operator': 'True',
                         'run_id': 'manual__2022-11-18T171056.2231800000-157a28ed3',
                         'squad': 'dach-data-automation',
                         'task_id': 'dach-opstech-fcms-input-generator-d0',
                         'tribe': 'international',
                         'try_number': '4'},
              'managed_fields': [{'api_version': 'v1',
                                  'fields_type': 'FieldsV1',
                                  'fields_v1': {'f:metadata': {'f:labels': {'.': {},
                                                                            'f:airflow_version': {},
                                                                            'f:app': {},
                                                                            'f:component': {},
                                                                            'f:dag_id': {},
                                                                            'f:kubernetes_pod_operator': {},
                                                                            'f:run_id': {},
                                                                            'f:squad': {},
                                                                            'f:task_id': {},
                                                                            'f:tribe': {},
                                                                            'f:try_number': {}}},
                                                'f:spec': {'f:affinity': {},
                                                           'f:containers': {'k:{"name":"base"}': {'.': {},
                                                                                                  'f:args': {},
                                                                                                  'f:env': {'.': {},
                                                                                                            'k:{"name":"CDP_DRIVER_PATH"}': {'.': {},
                                                                                                                                             'f:name': {},
                                                                                                                                             'f:value': {}},
                                                                                                            'k:{"name":"DWH_PASSWORD_CDP"}': {'.': {},
                                                                                                                                              'f:name': {},
                                                                                                                                              'f:value': {}},
                                                                                                            'k:{"name":"DWH_USER_CDP"}': {'.': {},
                                                                                                                                          'f:name': {},
                                                                                                                                          'f:value': {}},
                                                                                                            'k:{"name":"GDRIVE_AUTH_PROVIDER_X509_CERT_URL"}': {'.': {},
                                                                                                                                                                'f:name': {},
                                                                                                                                                                'f:value': {}},
                                                                                                            'k:{"name":"GDRIVE_AUTH_URI"}': {'.': {},
                                                                                                                                             'f:name': {},
                                                                                                                                             'f:value': {}},
                                                                                                            'k:{"name":"GDRIVE_CLIENT_EMAIL"}': {'.': {},
                                                                                                                                                 'f:name': {},
                                                                                                                                                 'f:value': {}},
                                                                                                            'k:{"name":"GDRIVE_CLIENT_ID"}': {'.': {},
                                                                                                                                              'f:name': {},
                                                                                                                                              'f:value': {}},
                                                                                                            'k:{"name":"GDRIVE_CLIENT_X509_CERT_URL"}': {'.': {},
                                                                                                                                                         'f:name': {},
                                                                                                                                                         'f:value': {}},
                                                                                                            'k:{"name":"GDRIVE_FOLDER"}': {'.': {},
                                                                                                                                           'f:name': {},
                                                                                                                                           'f:value': {}},
                                                                                                            'k:{"name":"GDRIVE_PRIVATE_KEY"}': {'.': {},
                                                                                                                                                'f:name': {},
                                                                                                                                                'f:value': {}},
                                                                                                            'k:{"name":"GDRIVE_PRIVATE_KEY_ID"}': {'.': {},
                                                                                                                                                   'f:name': {},
                                                                                                                                                   'f:value': {}},
                                                                                                            'k:{"name":"GDRIVE_PROJECT_ID"}': {'.': {},
                                                                                                                                               'f:name': {},
                                                                                                                                               'f:value': {}},
                                                                                                            'k:{"name":"GDRIVE_TOKEN_URI"}': {'.': {},
                                                                                                                                              'f:name': {},
                                                                                                                                              'f:value': {}},
                                                                                                            'k:{"name":"GSHEET_NAME_CONV"}': {'.': {},
                                                                                                                                              'f:name': {},
                                                                                                                                              'f:value': {}},
                                                                                                            'k:{"name":"GSHEET_NAME_LAYOUT"}': {'.': {},
                                                                                                                                                'f:name': {},
                                                                                                                                                'f:value': {}},
                                                                                                            'k:{"name":"GSHEET_NAME_SKU_AMBIENT"}': {'.': {},
                                                                                                                                                     'f:name': {},
                                                                                                                                                     'f:value': {}},
                                                                                                            'k:{"name":"GSHEET_NAME_SKU_MOPRO"}': {'.': {},
                                                                                                                                                   'f:name': {},
                                                                                                                                                   'f:value': {}},
                                                                                                            'k:{"name":"G_API_SCOPE"}': {'.': {},
                                                                                                                                         'f:name': {},
                                                                                                                                         'f:value': {}}},
                                                                                                  'f:image': {},
                                                                                                  'f:imagePullPolicy': {},
                                                                                                  'f:name': {},
                                                                                                  'f:resources': {},
                                                                                                  'f:terminationMessagePath': {},
                                                                                                  'f:terminationMessagePolicy': {}}},
                                                           'f:dnsPolicy': {},
                                                           'f:enableServiceLinks': {},
                                                           'f:restartPolicy': {},
                                                           'f:schedulerName': {},
                                                           'f:securityContext': {},
                                                           'f:terminationGracePeriodSeconds': {}}},
                                  'manager': 'OpenAPI-Generator',
                                  'operation': 'Update',
                                  'subresource': None,
                                  'time': datetime.datetime(2022, 11, 18, 17, 28, 26, tzinfo=tzlocal())},
                                 {'api_version': 'v1',
                                  'fields_type': 'FieldsV1',
                                  'fields_v1': {'f:status': {'f:conditions': {'k:{"type":"ContainersReady"}': {'.': {},
                                                                                                               'f:lastProbeTime': {},
                                                                                                               'f:lastTransitionTime': {},
                                                                                                               'f:message': {},
                                                                                                               'f:reason': {},
                                                                                                               'f:status': {},
                                                                                                               'f:type': {}},
                                                                              'k:{"type":"Initialized"}': {'.': {},
                                                                                                           'f:lastProbeTime': {},
                                                                                                           'f:lastTransitionTime': {},
                                                                                                           'f:status': {},
                                                                                                           'f:type': {}},
                                                                              'k:{"type":"Ready"}': {'.': {},
                                                                                                     'f:lastProbeTime': {},
                                                                                                     'f:lastTransitionTime': {},
                                                                                                     'f:message': {},
                                                                                                     'f:reason': {},
                                                                                                     'f:status': {},
                                                                                                     'f:type': {}}},
                                                             'f:containerStatuses': {},
                                                             'f:hostIP': {},
                                                             'f:phase': {},
                                                             'f:podIP': {},
                                                             'f:podIPs': {'.': {},
                                                                          'k:{"ip":"10.215.25.55"}': {'.': {},
                                                                                                      'f:ip': {}}},
                                                             'f:startTime': {}}},
                                  'manager': 'kubelet',
                                  'operation': 'Update',
                                  'subresource': 'status',
                                  'time': datetime.datetime(2022, 11, 18, 17, 28, 42, tzinfo=tzlocal())}],
              'name': 'dach-opstech-fcms-input-genera-3e37ee16811949b2a38729adea1ebc90',
              'namespace': 'data-platform',
              'owner_references': None,
              'resource_version': '1349376628',
              'self_link': None,
              'uid': '091eef55-9c8e-49be-b67f-cbdd4cd2d03b'},
 'spec': {'active_deadline_seconds': None,
          'affinity': {'node_affinity': {'preferred_during_scheduling_ignored_during_execution': None,
                                         'required_during_scheduling_ignored_during_execution': {'node_selector_terms': [{'match_expressions': [{'key': 'eks.amazonaws.com/capacityType',
                                                                                                                                                 'operator': 'In',
                                                                                                                                                 'values': ['SPOT']},
                                                                                                                                                {'key': 'hellofresh.io/role',
                                                                                                                                                 'operator': 'In',
                                                                                                                                                 'values': ['worker']}],
                                                                                                                          'match_fields': None}]}},
                       'pod_affinity': None,
                       'pod_anti_affinity': None},
          'automount_service_account_token': None,
          'containers': [{'args': ['main.py', '--date', ' '],
                          'command': None,
                          'env': [{'name': 'DWH_USER_CDP',
                                   'value': 'srv_dpe_dach_syncer',
                                   'value_from': None},
                                  {'name': 'DWH_PASSWORD_CDP',
                                   'value': 'pm!#]r*Xp5hbMtfH',
                                   'value_from': None},
                                  {'name': 'CDP_DRIVER_PATH',
                                   'value': './bin/ImpalaJDBC42.jar',
                                   'value_from': None},
                                  {'name': 'GSHEET_NAME_SKU_AMBIENT',
                                   'value': ' ambient_skus_to_exclude',
                                   'value_from': None},
                                  {'name': 'GSHEET_NAME_SKU_MOPRO',
                                   'value': ' skus_mopro',
                                   'value_from': None},
                                  {'name': 'G_API_SCOPE',
                                   'value': 'https://spreadsheets.google.com/feeds,https://www.googleapis.com/auth/drive',
                                   'value_from': None},
                                  {'name': 'GSHEET_NAME_CONV',
                                   'value': ' units_per_pallet',
                                   'value_from': None},
                                  {'name': 'GSHEET_NAME_LAYOUT',
                                   'value': ' sm_slots_live',
                                   'value_from': None},
                                  {'name': 'GDRIVE_FOLDER',
                                   'value': '1q6TsHCYE2SEdXwIukL3wG6Lzbe6Dig9q',
                                   'value_from': None},
                                  {'name': 'GDRIVE_PROJECT_ID',
                                   'value': 'hf-dach-order-enrichment',
                                   'value_from': None},
                                  {'name': 'GDRIVE_PRIVATE_KEY_ID',
                                   'value': '3237caf26eeb27f4857f8556683f2266b88bad4b',
                                   'value_from': None},
                                  {'name': 'GDRIVE_CLIENT_EMAIL',
                                   'value': 'splitsheet-generator@hf-dach-order-enrichment.iam.gserviceaccount.com',
                                   'value_from': None},
                                  {'name': 'GDRIVE_CLIENT_ID',
                                   'value': '113375722418962355831',
                                   'value_from': None},
                                  {'name': 'GDRIVE_AUTH_URI',
                                   'value': 'https://accounts.google.com/o/oauth2/auth',
                                   'value_from': None},
                                  {'name': 'GDRIVE_TOKEN_URI',
                                   'value': 'https://oauth2.googleapis.com/token',
                                   'value_from': None},
                                  {'name': 'GDRIVE_AUTH_PROVIDER_X509_CERT_URL',
                                   'value': 'https://www.googleapis.com/oauth2/v1/certs',
                                   'value_from': None},
                                  {'name': 'GDRIVE_CLIENT_X509_CERT_URL',
                                   'value': 'https://www.googleapis.com/robot/v1/metadata/x509/upload-drive-prod-input%40uploadproductioninputs.iam.gserviceaccount.com',
                                   'value_from': None},
                                  {'name': 'GDRIVE_PRIVATE_KEY',
                                   'value': '-----BEGIN PRIVATE KEY-----\n'
                                            'MIIEvgIBADANBgkqhkiG9w0BAQEFAASCBKgwggSkAgEAAoIBAQCdAFWW94RAc5c/\\nQtNuYVrwdLA0bpB14FRuqiEZ7gwLgX/8GIU9zLAzJmmgcZQNaaOt+oVxBRwcP23X\\nNZFvftm2o8YlvsrrzlqX0DEV5uu1iLdQwm4L41tXOdWQyPJ3bC0+rFc/aw1C8R5j\\nhOCd/wK99WrTMK6BzWTzdpE7id6mYyyOpZo8ocfalTbOmTNa3WJyoGQmbvYIdfQH\\nJ6327hb8L8E1ZQ77QcwAkegdKP0bFr3NeWUZYCzYtAXm9jGA4hIHvTfm6b9mif47\\n6e4y6nHUfB+QEmUlWHs+Ps1KsNpG/oletkWZSIlwV6nlo+qhwlx4vhsb/VkOekaZ\\nPZ1h1WuXAgMBAAECggEAAO2nUhPNVpdPPTV2uAOYcOPxko3LjZ8bo3E/voO04Y4F\\neQ43msnM2qHx0/IKRFP6o2p18q0a29Fi8HQr+gGu1spI8pljcAHonP72SuIIWphp\\nIIHzEDsad+A5pA4RJyH2lsDwPNhcM74hMC9XnMgCAcV7S4IL7Pd5WCq8QSoSE2Oq\\neK5WFUomfHp7RZjse3CSlJfFZJpFGwu32DEtB5diXp77bMEdwxIJLlXOhe3yvPQt\\npb8Wz30WGAZS2wLk42nZINg4eYaPlebdEZ/aF8Pn+z0ln9L+3c4B3tF1bI552FYZ\\nfzrW4ZhOxyb/i+pyhgdweoNtQn3M5CcKjS2UsUAOKQKBgQDWLsoQ7yGy5wj7Jo0q\\nPie6aecRBbY4A/uIMPwLu0WYrZQRvgk19xKp9gRye0RcoW/Ds1YjCsGVD8a3TZp+\\nPt8TbnJ/hqrXi3LyZh/d6kbPquCrkT/c0RY5nYwQyYJbQ2w6polEJxzsyYjGhFFI\\n8ViBYoQzcnpzt1KJfIKaLDQOSwKBgQC7p4U574TfhDUQXKnj6j1fUCjdoVTNwhkx\\nl2Xi2DJ+mwbTon0ywZ0juKmeujahnaUu2bjQMx2+5VJ2DYJ/bo+Ey2aTgta36PMS\\nO3H0JhlMBCGcnUONVK6WGEeX7xSi8ZBNulnHa7jyMMydURgrQWDRsxA/OFq92PvJ\\nMsO0f+ZYZQKBgGKCzL+zLR2687+IQL9gLSepU/TZWrEy67r9RMAkl2Mc2xC6BkSC\\n6luv4uXA2nV8bwpk7sZZSSZFRlHC6L8OLc4jK5iKGQPgiLMC079e5MjZQFLJEMWA\\niadgVi7WcBWH0jy7okDteHlUTIt6CmTxVJLV/BYpnjag596CnRNKJ3s3AoGBAJfr\\nglcqCxdtkAwkCMJkg7UjT0JGd0Jw7jaQzEJ/JzoKRdeWR+eMiaw+tsuzE8F5wB4S\\n06VyjJVcUIsUWt7R4kzu4qdvmGehpw/Oom23XmmFOrTxOJw1v3XySBu/yaQ1Ds9u\\nm3pwQnWIfk6qNXfnYPvEDNYxyHzEKutzNq9tkE1lAoGBAK6vT7aLIk6eTxU9muaO\\nKS7YIL4w+lxXmRwD0pXFdVj4j+Qd7Ce398a5M1Xu7kYK/Z7sUMEZZLJsK6qzX0JX\\ndj27SPIN47HXa8mQm/GaH1fYvyqNy0X/DqQ0D3AbishL1utXLtRzHhJqYlvopRPa\\nUAkTHLJVuveXzPIXW25koxnh\n'
                                            '-----END PRIVATE KEY-----',
                                   'value_from': None}],
                          'env_from': None,
                          'image': '489198589229.dkr.ecr.eu-west-1.amazonaws.com/dach-opstech-fcms-input-generator:latest',
                          'image_pull_policy': 'Always',
                          'lifecycle': None,
                          'liveness_probe': None,
                          'name': 'base',
                          'ports': None,
                          'readiness_probe': None,
                          'resources': {'limits': {'memory': '16Gi'},
                                        'requests': {'memory': '256Mi'}},
                          'security_context': None,
                          'startup_probe': None,
                          'stdin': None,
                          'stdin_once': None,
                          'termination_message_path': '/dev/termination-log',
                          'termination_message_policy': 'File',
                          'tty': None,
                          'volume_devices': None,
                          'volume_mounts': [{'mount_path': '/var/run/secrets/kubernetes.io/serviceaccount',
                                             'mount_propagation': None,
                                             'name': 'kube-api-access-h78zw',
                                             'read_only': True,
                                             'sub_path': None,
                                             'sub_path_expr': None}],
                          'working_dir': None}],
          'dns_config': None,
          'dns_policy': 'ClusterFirst',
          'enable_service_links': True,
          'ephemeral_containers': None,
          'host_aliases': None,
          'host_ipc': None,
          'host_network': None,
          'host_pid': None,
          'hostname': None,
          'image_pull_secrets': None,
          'init_containers': None,
          'node_name': 'ip-10-215-26-161.eu-west-1.compute.internal',
          'node_selector': None,
          'os': None,
          'overhead': None,
          'preemption_policy': 'PreemptLowerPriority',
          'priority': 0,
          'priority_class_name': None,
          'readiness_gates': None,
          'restart_policy': 'Never',
          'runtime_class_name': None,
          'scheduler_name': 'default-scheduler',
          'security_context': {'fs_group': None,
                               'fs_group_change_policy': None,
                               'run_as_group': None,
                               'run_as_non_root': None,
                               'run_as_user': None,
                               'se_linux_options': None,
                               'seccomp_profile': None,
                               'supplemental_groups': None,
                               'sysctls': None,
                               'windows_options': None},
          'service_account': 'default',
          'service_account_name': 'default',
          'set_hostname_as_fqdn': None,
          'share_process_namespace': None,
          'subdomain': None,
          'termination_grace_period_seconds': 30,
          'tolerations': [{'effect': 'NoExecute',
                           'key': 'node.kubernetes.io/not-ready',
                           'operator': 'Exists',
                           'toleration_seconds': 300,
                           'value': None},
                          {'effect': 'NoExecute',
                           'key': 'node.kubernetes.io/unreachable',
                           'operator': 'Exists',
                           'toleration_seconds': 300,
                           'value': None},
                          {'effect': 'NoSchedule',
                           'key': 'spotInstance',
                           'operator': 'Exists',
                           'toleration_seconds': None,
                           'value': None}],
          'topology_spread_constraints': None,
          'volumes': [{'aws_elastic_block_store': None,
                       'azure_disk': None,
                       'azure_file': None,
                       'cephfs': None,
                       'cinder': None,
                       'config_map': None,
                       'csi': None,
                       'downward_api': None,
                       'empty_dir': None,
                       'ephemeral': None,
                       'fc': None,
                       'flex_volume': None,
                       'flocker': None,
                       'gce_persistent_disk': None,
                       'git_repo': None,
                       'glusterfs': None,
                       'host_path': None,
                       'iscsi': None,
                       'name': 'kube-api-access-h78zw',
                       'nfs': None,
                       'persistent_volume_claim': None,
                       'photon_persistent_disk': None,
                       'portworx_volume': None,
                       'projected': {'default_mode': 420,
                                     'sources': [{'config_map': None,
                                                  'downward_api': None,
                                                  'secret': None,
                                                  'service_account_token': {'audience': None,
                                                                            'expiration_seconds': 3607,
                                                                            'path': 'token'}},
                                                 {'config_map': {'items': [{'key': 'ca.crt',
                                                                            'mode': None,
                                                                            'path': 'ca.crt'}],
                                                                 'name': 'kube-root-ca.crt',
                                                                 'optional': None},
                                                  'downward_api': None,
                                                  'secret': None,
                                                  'service_account_token': None},
                                                 {'config_map': None,
                                                  'downward_api': {'items': [{'field_ref': {'api_version': 'v1',
                                                                                            'field_path': 'metadata.namespace'},
                                                                              'mode': None,
                                                                              'path': 'namespace',
                                                                              'resource_field_ref': None}]},
                                                  'secret': None,
                                                  'service_account_token': None}]},
                       'quobyte': None,
                       'rbd': None,
                       'scale_io': None,
                       'secret': None,
                       'storageos': None,
                       'vsphere_volume': None}]},
 'status': {'conditions': [{'last_probe_time': None,
                            'last_transition_time': datetime.datetime(2022, 11, 18, 17, 28, 26, tzinfo=tzlocal()),
                            'message': None,
                            'reason': None,
                            'status': 'True',
                            'type': 'Initialized'},
                           {'last_probe_time': None,
                            'last_transition_time': datetime.datetime(2022, 11, 18, 17, 28, 42, tzinfo=tzlocal()),
                            'message': 'containers with unready status: [base]',
                            'reason': 'ContainersNotReady',
                            'status': 'False',
                            'type': 'Ready'},
                           {'last_probe_time': None,
                            'last_transition_time': datetime.datetime(2022, 11, 18, 17, 28, 42, tzinfo=tzlocal()),
                            'message': 'containers with unready status: [base]',
                            'reason': 'ContainersNotReady',
                            'status': 'False',
                            'type': 'ContainersReady'},
                           {'last_probe_time': None,
                            'last_transition_time': datetime.datetime(2022, 11, 18, 17, 28, 26, tzinfo=tzlocal()),
                            'message': None,
                            'reason': None,
                            'status': 'True',
                            'type': 'PodScheduled'}],
            'container_statuses': [{'container_id': 'containerd://d4bc2f720b3d3e685acd1d76dffd1e81103fd932b3f4588c62763a8d5a47f459',
                                    'image': '489198589229.dkr.ecr.eu-west-1.amazonaws.com/dach-opstech-fcms-input-generator:latest',
                                    'image_id': '489198589229.dkr.ecr.eu-west-1.amazonaws.com/dach-opstech-fcms-input-generator@sha256:e8eb05e401e075d424350f4677a46d3cc694c1c8984a22b336da50e9e2a3732b',
                                    'last_state': {'running': None,
                                                   'terminated': None,
                                                   'waiting': None},
                                    'name': 'base',
                                    'ready': False,
                                    'restart_count': 0,
                                    'started': False,
                                    'state': {'running': None,
                                              'terminated': {'container_id': 'containerd://d4bc2f720b3d3e685acd1d76dffd1e81103fd932b3f4588c62763a8d5a47f459',
                                                             'exit_code': 1,
                                                             'finished_at': datetime.datetime(2022, 11, 18, 17, 28, 41, tzinfo=tzlocal()),
                                                             'message': None,
                                                             'reason': 'Error',
                                                             'signal': None,
                                                             'started_at': datetime.datetime(2022, 11, 18, 17, 28, 26, tzinfo=tzlocal())},
                                              'waiting': None}}],
            'ephemeral_container_statuses': None,
            'host_ip': '10.215.26.161',
            'init_container_statuses': None,
            'message': None,
            'nominated_node_name': None,
            'phase': 'Failed',
            'pod_i_ps': [{'ip': '10.215.25.55'}],
            'pod_ip': '10.215.25.55',
            'qos_class': 'Burstable',
            'reason': None,
            'start_time': datetime.datetime(2022, 11, 18, 17, 28, 26, tzinfo=tzlocal())}}; 9)
[2022-11-18 17:28:44,465] {local_task_job.py:156} INFO - Task exited with return code 1
[2022-11-18 17:28:44,530] {local_task_job.py:273} INFO - 0 downstream tasks scheduled from follow-on schedule check


